[2025-04-20 15:19:13,537: INFO: main:  welcome to our custom logger data science project: ]
[2025-04-20 15:20:02,765: INFO: main:  welcome to our custom logger data science project]
[2025-04-21 12:54:39,671: INFO: common:  ymal file:config/config.yaml loaded successfully]
[2025-04-21 12:54:39,676: INFO: common:  ymal file:params.yaml loaded successfully]
[2025-04-21 12:54:39,677: INFO: common:  ymal file:schema.yaml loaded successfully]
[2025-04-21 12:54:39,678: INFO: common:  created directory at: artifacts]
[2025-04-21 12:54:39,679: INFO: common:  created directory at: artifacts/data_ingestion]
[2025-04-21 12:54:40,394: INFO: 3979074966:  artifacts/data_ingestion/data.zip is downloaded, with following info: Connection: close
Content-Length: 23329
Cache-Control: max-age=300
Content-Security-Policy: default-src 'none'; style-src 'unsafe-inline'; sandbox
Content-Type: application/zip
ETag: "c69888a4ae59bc5a893392785a938ccd4937981c06ba8a9d6a21aa52b4ab5b6e"
Strict-Transport-Security: max-age=31536000
X-Content-Type-Options: nosniff
X-Frame-Options: deny
X-XSS-Protection: 1; mode=block
X-GitHub-Request-Id: 14AF:21AE1E:DE26DD:11C75E0:6806784F
Accept-Ranges: bytes
Date: Mon, 21 Apr 2025 16:54:40 GMT
Via: 1.1 varnish
X-Served-By: cache-ewr-kewr1740060-EWR
X-Cache: MISS
X-Cache-Hits: 0
X-Timer: S1745254480.044883,VS0,VE295
Vary: Authorization,Accept-Encoding,Origin
Access-Control-Allow-Origin: *
Cross-Origin-Resource-Policy: cross-origin
X-Fastly-Request-ID: 66931eb2702a1b59acc6e1a3e9d6510d4fb5712c
Expires: Mon, 21 Apr 2025 16:59:40 GMT
Source-Age: 0

]
[2025-04-21 12:54:40,401: INFO: 3979074966:  Extracted all the files in artifacts/data_ingestion]
[2025-04-21 13:20:44,895: INFO: main:  >>>>>>>stageData Ingestion stage started<<<<<<]
[2025-04-21 13:20:44,896: INFO: common:  ymal file:config/config.yaml loaded successfully]
[2025-04-21 13:20:44,898: INFO: common:  ymal file:params.yaml loaded successfully]
[2025-04-21 13:20:44,898: INFO: common:  ymal file:schema.yaml loaded successfully]
[2025-04-21 13:20:44,899: INFO: common:  created directory at: artifacts]
[2025-04-21 13:20:44,899: INFO: common:  created directory at: artifacts/data_ingestion]
[2025-04-21 13:20:45,264: INFO: data_ingestion:  artifacts/data_ingestion/data.zip is downloaded, with following info: Connection: close
Content-Length: 23329
Cache-Control: max-age=300
Content-Security-Policy: default-src 'none'; style-src 'unsafe-inline'; sandbox
Content-Type: application/zip
ETag: "c69888a4ae59bc5a893392785a938ccd4937981c06ba8a9d6a21aa52b4ab5b6e"
Strict-Transport-Security: max-age=31536000
X-Content-Type-Options: nosniff
X-Frame-Options: deny
X-XSS-Protection: 1; mode=block
X-GitHub-Request-Id: 14AF:21AE1E:DE26DD:11C75E0:6806784F
Accept-Ranges: bytes
Date: Mon, 21 Apr 2025 17:20:45 GMT
Via: 1.1 varnish
X-Served-By: cache-ewr-kewr1740034-EWR
X-Cache: HIT
X-Cache-Hits: 0
X-Timer: S1745256045.180730,VS0,VE78
Vary: Authorization,Accept-Encoding,Origin
Access-Control-Allow-Origin: *
Cross-Origin-Resource-Policy: cross-origin
X-Fastly-Request-ID: 39a06d5c80830e9b0054529774a53fdae5d7cd5f
Expires: Mon, 21 Apr 2025 17:25:45 GMT
Source-Age: 0

]
[2025-04-21 13:20:45,267: INFO: data_ingestion:  Extracted all the files in artifacts/data_ingestion]
[2025-04-21 13:20:45,268: INFO: main:  >>>>>>>stageData Ingestion stage completed<<<<<<]
[2025-04-21 14:47:03,893: INFO: common:  ymal file:config/config.yaml loaded successfully]
[2025-04-21 14:47:03,896: INFO: common:  ymal file:params.yaml loaded successfully]
[2025-04-21 14:47:03,898: INFO: common:  ymal file:schema.yaml loaded successfully]
[2025-04-21 14:47:03,900: INFO: common:  created directory at: artifacts]
[2025-04-21 14:49:49,136: INFO: common:  ymal file:config/config.yaml loaded successfully]
[2025-04-21 14:49:49,139: INFO: common:  ymal file:params.yaml loaded successfully]
[2025-04-21 14:49:49,142: INFO: common:  ymal file:schema.yaml loaded successfully]
[2025-04-21 14:49:49,143: INFO: common:  created directory at: artifacts]
[2025-04-21 14:50:40,956: INFO: common:  ymal file:config/config.yaml loaded successfully]
[2025-04-21 14:50:40,959: INFO: common:  ymal file:params.yaml loaded successfully]
[2025-04-21 14:50:40,961: INFO: common:  ymal file:schema.yaml loaded successfully]
[2025-04-21 14:50:40,962: INFO: common:  created directory at: artifacts]
[2025-04-21 14:50:40,963: INFO: common:  created directory at: artifacts/data_validation]
[2025-04-21 14:56:42,426: INFO: common:  ymal file:config/config.yaml loaded successfully]
[2025-04-21 14:56:42,428: INFO: common:  ymal file:params.yaml loaded successfully]
[2025-04-21 14:56:42,430: INFO: common:  ymal file:schema.yaml loaded successfully]
[2025-04-21 14:56:42,431: INFO: common:  created directory at: artifacts]
[2025-04-21 14:56:42,432: INFO: common:  created directory at: artifacts/data_validation]
[2025-04-21 14:58:15,989: INFO: common:  ymal file:config/config.yaml loaded successfully]
[2025-04-21 14:58:15,991: INFO: common:  ymal file:params.yaml loaded successfully]
[2025-04-21 14:58:15,994: INFO: common:  ymal file:schema.yaml loaded successfully]
[2025-04-21 14:58:15,995: INFO: common:  created directory at: artifacts]
[2025-04-21 14:58:15,996: INFO: common:  created directory at: artifacts/data_validation]
[2025-04-21 15:03:17,713: INFO: common:  ymal file:config/config.yaml loaded successfully]
[2025-04-21 15:03:17,716: INFO: common:  ymal file:params.yaml loaded successfully]
[2025-04-21 15:03:17,719: INFO: common:  ymal file:schema.yaml loaded successfully]
[2025-04-21 15:03:17,720: INFO: common:  created directory at: artifacts]
[2025-04-21 15:03:17,721: INFO: common:  created directory at: artifacts/data_validation]
[2025-04-21 15:37:34,170: INFO: main:  >>>>>>>stageData Ingestion stage started<<<<<<]
[2025-04-21 15:37:34,172: INFO: common:  ymal file:config/config.yaml loaded successfully]
[2025-04-21 15:37:34,173: INFO: common:  ymal file:params.yaml loaded successfully]
[2025-04-21 15:37:34,175: INFO: common:  ymal file:schema.yaml loaded successfully]
[2025-04-21 15:37:34,175: INFO: common:  created directory at: artifacts]
[2025-04-21 15:37:34,175: INFO: common:  created directory at: artifacts/data_ingestion]
[2025-04-21 15:37:34,175: INFO: data_ingestion:  artifacts/data_ingestion/data.zip already exists]
[2025-04-21 15:37:34,178: INFO: data_ingestion:  Extracted all the files in artifacts/data_ingestion]
[2025-04-21 15:37:34,178: INFO: main:  >>>>>>>stageData Ingestion stage completed<<<<<<]
[2025-04-21 15:37:34,178: INFO: main:  >>>>>>>stageData Validation stage started<<<<<<]
[2025-04-21 15:37:34,179: INFO: common:  ymal file:config/config.yaml loaded successfully]
[2025-04-21 15:37:34,180: INFO: common:  ymal file:params.yaml loaded successfully]
[2025-04-21 15:37:34,181: INFO: common:  ymal file:schema.yaml loaded successfully]
[2025-04-21 15:37:34,181: INFO: common:  created directory at: artifacts]
[2025-04-21 15:37:34,181: INFO: common:  created directory at: artifacts/data_validation]
[2025-04-21 15:37:34,188: INFO: main:  >>>>>>>stageData Validation stage completed<<<<<<]
[2025-04-21 17:53:02,920: INFO: common:  ymal file:config/config.yaml loaded successfully]
[2025-04-21 17:53:02,925: INFO: common:  ymal file:params.yaml loaded successfully]
[2025-04-21 17:53:02,928: INFO: common:  ymal file:schema.yaml loaded successfully]
[2025-04-21 17:54:19,025: INFO: common:  ymal file:config/config.yaml loaded successfully]
[2025-04-21 17:54:19,027: INFO: common:  ymal file:params.yaml loaded successfully]
[2025-04-21 17:54:19,030: INFO: common:  ymal file:schema.yaml loaded successfully]
[2025-04-21 17:58:11,872: INFO: common:  ymal file:config/config.yaml loaded successfully]
[2025-04-21 17:58:11,874: INFO: common:  ymal file:params.yaml loaded successfully]
[2025-04-21 17:58:11,876: INFO: common:  ymal file:schema.yaml loaded successfully]
[2025-04-21 18:05:33,759: INFO: common:  ymal file:config/config.yaml loaded successfully]
[2025-04-21 18:05:33,761: INFO: common:  ymal file:params.yaml loaded successfully]
[2025-04-21 18:05:33,763: INFO: common:  ymal file:schema.yaml loaded successfully]
[2025-04-21 18:31:38,918: INFO: main:  >>>>>>>stageData Ingestion stage started<<<<<<]
[2025-04-21 18:31:38,919: INFO: common:  ymal file:config/config.yaml loaded successfully]
[2025-04-21 18:31:38,921: INFO: common:  ymal file:params.yaml loaded successfully]
[2025-04-21 18:31:38,922: INFO: common:  ymal file:schema.yaml loaded successfully]
[2025-04-21 18:31:38,923: INFO: common:  created directory at: artifacts]
[2025-04-21 18:31:38,923: INFO: common:  created directory at: artifacts/data_ingestion]
[2025-04-21 18:31:38,923: INFO: data_ingestion:  artifacts/data_ingestion/data.zip already exists]
[2025-04-21 18:31:38,925: INFO: data_ingestion:  Extracted all the files in artifacts/data_ingestion]
[2025-04-21 18:31:38,925: INFO: main:  >>>>>>>stageData Ingestion stage completed<<<<<<]
[2025-04-21 18:31:38,925: INFO: main:  >>>>>>>stageData Validation stage started<<<<<<]
[2025-04-21 18:31:38,927: INFO: common:  ymal file:config/config.yaml loaded successfully]
[2025-04-21 18:31:38,927: INFO: common:  ymal file:params.yaml loaded successfully]
[2025-04-21 18:31:38,929: INFO: common:  ymal file:schema.yaml loaded successfully]
[2025-04-21 18:31:38,929: INFO: common:  created directory at: artifacts]
[2025-04-21 18:31:38,929: INFO: common:  created directory at: artifacts/data_validation]
[2025-04-21 18:31:38,935: INFO: main:  >>>>>>>stageData Validation stage completed<<<<<<]
[2025-04-21 18:32:11,271: INFO: common:  ymal file:config/config.yaml loaded successfully]
[2025-04-21 18:32:11,273: INFO: common:  ymal file:params.yaml loaded successfully]
[2025-04-21 18:32:11,276: INFO: common:  ymal file:schema.yaml loaded successfully]
[2025-04-21 18:37:18,309: INFO: common:  ymal file:config/config.yaml loaded successfully]
[2025-04-21 18:37:18,312: INFO: common:  ymal file:params.yaml loaded successfully]
[2025-04-21 18:37:18,315: INFO: common:  ymal file:schema.yaml loaded successfully]
[2025-04-21 18:37:18,315: INFO: common:  created directory at: artifacts]
[2025-04-21 18:37:18,316: INFO: common:  created directory at: artifacts/data_transformation]
[2025-04-21 18:37:56,040: INFO: common:  ymal file:config/config.yaml loaded successfully]
[2025-04-21 18:37:56,043: INFO: common:  ymal file:params.yaml loaded successfully]
[2025-04-21 18:37:56,046: INFO: common:  ymal file:schema.yaml loaded successfully]
[2025-04-21 18:37:56,047: INFO: common:  created directory at: artifacts]
[2025-04-21 18:37:56,047: INFO: common:  created directory at: artifacts/data_transformation]
[2025-04-21 18:37:56,081: INFO: 2862353887:  Train test split completed]
[2025-04-21 18:37:56,082: INFO: 2862353887:  (1199, 12)]
[2025-04-21 18:37:56,082: INFO: 2862353887:  (400, 12)]
[2025-04-21 19:05:01,413: INFO: main:  >>>>>>>stageData Ingestion stage started<<<<<<]
[2025-04-21 19:05:01,415: INFO: common:  ymal file:config/config.yaml loaded successfully]
[2025-04-21 19:05:01,417: INFO: common:  ymal file:params.yaml loaded successfully]
[2025-04-21 19:05:01,418: INFO: common:  ymal file:schema.yaml loaded successfully]
[2025-04-21 19:05:01,418: INFO: common:  created directory at: artifacts]
[2025-04-21 19:05:01,419: INFO: common:  created directory at: artifacts/data_ingestion]
[2025-04-21 19:05:01,419: INFO: data_ingestion:  artifacts/data_ingestion/data.zip already exists]
[2025-04-21 19:05:01,421: INFO: data_ingestion:  Extracted all the files in artifacts/data_ingestion]
[2025-04-21 19:05:01,421: INFO: main:  >>>>>>>stageData Ingestion stage completed<<<<<<]
[2025-04-21 19:05:01,421: INFO: main:  >>>>>>>stageData Validation stage started<<<<<<]
[2025-04-21 19:05:01,422: INFO: common:  ymal file:config/config.yaml loaded successfully]
[2025-04-21 19:05:01,423: INFO: common:  ymal file:params.yaml loaded successfully]
[2025-04-21 19:05:01,424: INFO: common:  ymal file:schema.yaml loaded successfully]
[2025-04-21 19:05:01,424: INFO: common:  created directory at: artifacts]
[2025-04-21 19:05:01,424: INFO: common:  created directory at: artifacts/data_validation]
[2025-04-21 19:05:01,431: INFO: main:  >>>>>>>stageData Validation stage completed<<<<<<]
[2025-04-21 19:05:01,431: INFO: main:  >>>>>>>stageData Transformation stage started<<<<<<]
[2025-04-21 19:05:01,432: INFO: common:  ymal file:config/config.yaml loaded successfully]
[2025-04-21 19:05:01,433: INFO: common:  ymal file:params.yaml loaded successfully]
[2025-04-21 19:05:01,434: INFO: common:  ymal file:schema.yaml loaded successfully]
[2025-04-21 19:05:01,434: INFO: common:  created directory at: artifacts]
[2025-04-21 19:05:01,434: INFO: common:  created directory at: artifacts/data_transformation]
[2025-04-21 19:05:01,450: INFO: data_transformation:  Train test split completed]
[2025-04-21 19:05:01,450: INFO: data_transformation:  (1199, 12)]
[2025-04-21 19:05:01,450: INFO: data_transformation:  (400, 12)]
[2025-04-21 19:05:01,450: INFO: main:  >>>>>>>stageData Transformation stage completed<<<<<<]
[2025-04-22 07:44:25,611: INFO: common:  ymal file:config/config.yaml loaded successfully]
[2025-04-22 07:44:25,616: INFO: common:  ymal file:params.yaml loaded successfully]
[2025-04-22 07:44:25,618: INFO: common:  ymal file:schema.yaml loaded successfully]
[2025-04-22 07:44:25,621: INFO: common:  created directory at: artifacts]
[2025-04-22 07:44:25,631: INFO: common:  created directory at: artifacts/model_trainer]
[2025-04-22 07:55:53,025: INFO: main:  >>>>>>>stageData Ingestion stage started<<<<<<]
[2025-04-22 07:55:53,027: INFO: common:  ymal file:config/config.yaml loaded successfully]
[2025-04-22 07:55:53,028: INFO: common:  ymal file:params.yaml loaded successfully]
[2025-04-22 07:55:53,029: INFO: common:  ymal file:schema.yaml loaded successfully]
[2025-04-22 07:55:53,029: INFO: common:  created directory at: artifacts]
[2025-04-22 07:55:53,029: INFO: common:  created directory at: artifacts/data_ingestion]
[2025-04-22 07:55:53,029: INFO: data_ingestion:  artifacts/data_ingestion/data.zip already exists]
[2025-04-22 07:55:53,033: INFO: data_ingestion:  Extracted all the files in artifacts/data_ingestion]
[2025-04-22 07:55:53,033: INFO: main:  >>>>>>>stageData Ingestion stage completed<<<<<<]
[2025-04-22 07:55:53,033: INFO: main:  >>>>>>>stageData Validation stage started<<<<<<]
[2025-04-22 07:55:53,035: INFO: common:  ymal file:config/config.yaml loaded successfully]
[2025-04-22 07:55:53,035: INFO: common:  ymal file:params.yaml loaded successfully]
[2025-04-22 07:55:53,036: INFO: common:  ymal file:schema.yaml loaded successfully]
[2025-04-22 07:55:53,036: INFO: common:  created directory at: artifacts]
[2025-04-22 07:55:53,036: INFO: common:  created directory at: artifacts/data_validation]
[2025-04-22 07:55:53,041: INFO: main:  >>>>>>>stageData Validation stage completed<<<<<<]
[2025-04-22 07:55:53,041: INFO: main:  >>>>>>>stageData Transformation stage started<<<<<<]
[2025-04-22 07:55:53,043: INFO: common:  ymal file:config/config.yaml loaded successfully]
[2025-04-22 07:55:53,044: INFO: common:  ymal file:params.yaml loaded successfully]
[2025-04-22 07:55:53,045: INFO: common:  ymal file:schema.yaml loaded successfully]
[2025-04-22 07:55:53,045: INFO: common:  created directory at: artifacts]
[2025-04-22 07:55:53,045: INFO: common:  created directory at: artifacts/data_transformation]
[2025-04-22 07:55:53,060: INFO: data_transformation:  Train test split completed]
[2025-04-22 07:55:53,060: INFO: data_transformation:  (1199, 12)]
[2025-04-22 07:55:53,060: INFO: data_transformation:  (400, 12)]
[2025-04-22 07:55:53,060: INFO: main:  >>>>>>>stageData Transformation stage completed<<<<<<]
[2025-04-22 07:55:53,060: INFO: main:  >>>>>>>stageModel Trainer stage started<<<<<<]
[2025-04-22 07:55:53,062: INFO: common:  ymal file:config/config.yaml loaded successfully]
[2025-04-22 07:55:53,062: INFO: common:  ymal file:params.yaml loaded successfully]
[2025-04-22 07:55:53,063: INFO: common:  ymal file:schema.yaml loaded successfully]
[2025-04-22 07:55:53,063: INFO: common:  created directory at: artifacts]
[2025-04-22 07:55:53,064: INFO: common:  created directory at: artifacts/model_trainer]
[2025-04-22 07:55:53,070: INFO: main:  >>>>>>>stageModel Trainer stage completed<<<<<<]
